<?xml version="1.0" encoding="UTF-8"?>
<testsuite xmlns:xsi="http://www.w3.org/2001/XMLSchema-instance" xsi:noNamespaceSchemaLocation="https://maven.apache.org/surefire/maven-surefire-plugin/xsd/surefire-test-report.xsd" version="3.0.2" name="ru.effective_mobile.short_url.controller.ShortUrlControllerTest" time="4.312" tests="6" errors="0" skipped="0" failures="0">
  <properties>
[...]
</properties>
  <testcase name="redirectToOriginalUrl_expiredAlias_returnsNotFound" classname="ru.effective_mobile.short_url.controller.ShortUrlControllerTest" time="0.389">
    <system-out><![CDATA[15:42:33.780 [main] INFO org.springframework.test.context.support.AnnotationConfigContextLoaderUtils -- Could not detect default configuration classes for test class [ru.effective_mobile.short_url.controller.ShortUrlControllerTest]: ShortUrlControllerTest does not declare any static, non-private, non-final, nested classes annotated with @Configuration.
15:42:33.948 [main] INFO org.springframework.boot.test.context.SpringBootTestContextBootstrapper -- Found @SpringBootConfiguration ru.effective_mobile.short_url.ShortUrlApplication for test class ru.effective_mobile.short_url.controller.ShortUrlControllerTest

  .   ____          _            __ _ _
 /\\ / ___'_ __ _ _(_)_ __  __ _ \ \ \ \
( ( )\___ | '_ | '_| | '_ \/ _` | \ \ \ \
 \\/  ___)| |_)| | | | | || (_| |  ) ) ) )
  '  |____| .__|_| |_|_| |_\__, | / / / /
 =========|_|==============|___/=/_/_/_/

 :: Spring Boot ::                (v4.0.0)

2025-12-06T15:42:34.596+03:00  INFO 15620 --- [short-url] [           main] r.e.s.controller.ShortUrlControllerTest  : Starting ShortUrlControllerTest using Java 17.0.11 with PID 15620 (started by mihay in D:\07_EM\01-hometasks\07-short-url)
2025-12-06T15:42:34.598+03:00  INFO 15620 --- [short-url] [           main] r.e.s.controller.ShortUrlControllerTest  : No active profile set, falling back to 1 default profile: "default"
2025-12-06T15:42:37.000+03:00  INFO 15620 --- [short-url] [           main] o.s.b.t.m.w.SpringBootMockServletContext : Initializing Spring TestDispatcherServlet ''
2025-12-06T15:42:37.000+03:00  INFO 15620 --- [short-url] [           main] o.s.t.web.servlet.TestDispatcherServlet  : Initializing Servlet ''
2025-12-06T15:42:37.004+03:00  INFO 15620 --- [short-url] [           main] o.s.t.web.servlet.TestDispatcherServlet  : Completed initialization in 2 ms
2025-12-06T15:42:37.049+03:00  INFO 15620 --- [short-url] [           main] r.e.s.controller.ShortUrlControllerTest  : Started ShortUrlControllerTest in 3.006 seconds (process running for 4.642)
2025-12-06T15:42:37.428+03:00  WARN 15620 --- [short-url] [           main] r.e.s.controller.ShortUrlController      : Alias not found or expired: expiredalias
]]></system-out>
  </testcase>
  <testcase name="shortenUrl_withoutCustomAlias_returnsCreatedStatusAndGeneratedAlias" classname="ru.effective_mobile.short_url.controller.ShortUrlControllerTest" time="0.284"/>
  <testcase name="shortenUrl_invalidRequest_returnsBadRequest" classname="ru.effective_mobile.short_url.controller.ShortUrlControllerTest" time="0.026">
    <system-out><![CDATA[2025-12-06T15:42:37.769+03:00  WARN 15620 --- [short-url] [           main] .w.s.m.s.DefaultHandlerExceptionResolver : Resolved [org.springframework.web.bind.MethodArgumentNotValidException: Validation failed for argument [0] in public org.springframework.http.ResponseEntity<java.lang.String> ru.effective_mobile.short_url.controller.ShortUrlController.shortenUrl(ru.effective_mobile.short_url.dto.ShortenUrlRequest) with 2 errors: [Field error in object 'shortenUrlRequest' on field 'originalUrl': rejected value []; codes [Pattern.shortenUrlRequest.originalUrl,Pattern.originalUrl,Pattern.java.lang.String,Pattern]; arguments [org.springframework.context.support.DefaultMessageSourceResolvable: codes [shortenUrlRequest.originalUrl,originalUrl]; arguments []; default message [originalUrl],[Ljakarta.validation.constraints.Pattern$Flag;@6e78177b,^(http|https)://.*$]; default message [Original URL must be a valid URL starting with http:// or https://]] [Field error in object 'shortenUrlRequest' on field 'originalUrl': rejected value []; codes [NotBlank.shortenUrlRequest.originalUrl,NotBlank.originalUrl,NotBlank.java.lang.String,NotBlank]; arguments [org.springframework.context.support.DefaultMessageSourceResolvable: codes [shortenUrlRequest.originalUrl,originalUrl]; arguments []; default message [originalUrl]]; default message [Original URL cannot be empty]] ]
]]></system-out>
  </testcase>
  <testcase name="redirectToOriginalUrl_nonExistingAlias_returnsNotFound" classname="ru.effective_mobile.short_url.controller.ShortUrlControllerTest" time="0.012">
    <system-out><![CDATA[2025-12-06T15:42:37.784+03:00  WARN 15620 --- [short-url] [           main] r.e.s.controller.ShortUrlController      : Alias not found or expired: nonexistent
]]></system-out>
  </testcase>
  <testcase name="redirectToOriginalUrl_existingAlias_redirects" classname="ru.effective_mobile.short_url.controller.ShortUrlControllerTest" time="0.011"/>
  <testcase name="shortenUrl_withCustomAlias_returnsCreatedStatusAndAlias" classname="ru.effective_mobile.short_url.controller.ShortUrlControllerTest" time="0.01"/>
</testsuite>