<?xml version="1.0" encoding="UTF-8"?>
<testsuite xmlns:xsi="http://www.w3.org/2001/XMLSchema-instance" xsi:noNamespaceSchemaLocation="https://maven.apache.org/surefire/maven-surefire-plugin/xsd/surefire-test-report.xsd" version="3.0.2" name="ru.effective_mobile.short_url.services.ShortUrlServiceTest" time="0.299" tests="6" errors="0" skipped="0" failures="0">
  <properties>
[...]
</properties>
  <testcase name="getFullUrlByAlias_nonExistingAlias_throwsAliasNotFoundException" classname="ru.effective_mobile.short_url.services.ShortUrlServiceTest" time="0.257"/>
  <testcase name="generateAlias_withoutCustomAlias_returnsGeneratedAlias" classname="ru.effective_mobile.short_url.services.ShortUrlServiceTest" time="0.017"/>
  <testcase name="generateAlias_withCustomAlias_returnsCustomAlias" classname="ru.effective_mobile.short_url.services.ShortUrlServiceTest" time="0.006"/>
  <testcase name="getFullUrlByAlias_existingAlias_returnsOriginalUrl" classname="ru.effective_mobile.short_url.services.ShortUrlServiceTest" time="0.003"/>
  <testcase name="cleanupExpiredUrls_deletesExpiredUrls" classname="ru.effective_mobile.short_url.services.ShortUrlServiceTest" time="0.004">
    <system-out><![CDATA[2025-12-06T15:42:38.141+03:00  INFO 15620 --- [short-url] [           main] r.e.short_url.services.ShortUrlService   : Starting cleanup of expired URLs.
2025-12-06T15:42:38.141+03:00  INFO 15620 --- [short-url] [           main] r.e.short_url.services.ShortUrlService   : Cleanup of expired URLs finished.
]]></system-out>
  </testcase>
  <testcase name="getFullUrlByAlias_expiredAlias_throwsAliasNotFoundException" classname="ru.effective_mobile.short_url.services.ShortUrlServiceTest" time="0.005"/>
</testsuite>